Error: Cannot find module 'node-telegram-bot-api'
Require stack:
- C:\Users\pelak\Desktop\instauto\src\telegram-bot.js
    at Function._resolveFilename (node:internal/modules/cjs/loader:1401:15)
    at Hook._require.Module.require (C:\Users\pelak\AppData\Roaming\npm\node_modules\pm2\node_modules\require-in-the-middle\index.js:81:25)
    at require (node:internal/modules/helpers:135:16)
    at Object.<anonymous> (C:\Users\pelak\Desktop\instauto\src\telegram-bot.js:3:21)
    at Module._compile (node:internal/modules/cjs/loader:1730:14)
    at Object..js (node:internal/modules/cjs/loader:1895:10)
    at Module.load (node:internal/modules/cjs/loader:1465:32)
    at Function._load (node:internal/modules/cjs/loader:1282:12)
    at C:\Users\pelak\AppData\Roaming\npm\node_modules\pm2\lib\ProcessContainer.js:292:27
    at wrapper (C:\Users\pelak\AppData\Roaming\npm\node_modules\pm2\node_modules\async\internal\once.js:12:16)
Error: Cannot find module 'node-telegram-bot-api'
Require stack:
- C:\Users\pelak\Desktop\instauto\src\telegram-bot.js
    at Function._resolveFilename (node:internal/modules/cjs/loader:1401:15)
    at Hook._require.Module.require (C:\Users\pelak\AppData\Roaming\npm\node_modules\pm2\node_modules\require-in-the-middle\index.js:81:25)
    at require (node:internal/modules/helpers:135:16)
    at Object.<anonymous> (C:\Users\pelak\Desktop\instauto\src\telegram-bot.js:3:21)
    at Module._compile (node:internal/modules/cjs/loader:1730:14)
    at Object..js (node:internal/modules/cjs/loader:1895:10)
    at Module.load (node:internal/modules/cjs/loader:1465:32)
    at Function._load (node:internal/modules/cjs/loader:1282:12)
    at C:\Users\pelak\AppData\Roaming\npm\node_modules\pm2\lib\ProcessContainer.js:292:27
    at wrapper (C:\Users\pelak\AppData\Roaming\npm\node_modules\pm2\node_modules\async\internal\once.js:12:16)
Error: Cannot find module 'node-telegram-bot-api'
Require stack:
- C:\Users\pelak\Desktop\instauto\src\telegram-bot.js
    at Function._resolveFilename (node:internal/modules/cjs/loader:1401:15)
    at Hook._require.Module.require (C:\Users\pelak\AppData\Roaming\npm\node_modules\pm2\node_modules\require-in-the-middle\index.js:81:25)
    at require (node:internal/modules/helpers:135:16)
    at Object.<anonymous> (C:\Users\pelak\Desktop\instauto\src\telegram-bot.js:3:21)
    at Module._compile (node:internal/modules/cjs/loader:1730:14)
    at Object..js (node:internal/modules/cjs/loader:1895:10)
    at Module.load (node:internal/modules/cjs/loader:1465:32)
    at Function._load (node:internal/modules/cjs/loader:1282:12)
    at C:\Users\pelak\AppData\Roaming\npm\node_modules\pm2\lib\ProcessContainer.js:292:27
    at wrapper (C:\Users\pelak\AppData\Roaming\npm\node_modules\pm2\node_modules\async\internal\once.js:12:16)
Error: Cannot find module 'node-telegram-bot-api'
Require stack:
- C:\Users\pelak\Desktop\instauto\src\telegram-bot.js
    at Function._resolveFilename (node:internal/modules/cjs/loader:1401:15)
    at Hook._require.Module.require (C:\Users\pelak\AppData\Roaming\npm\node_modules\pm2\node_modules\require-in-the-middle\index.js:81:25)
    at require (node:internal/modules/helpers:135:16)
    at Object.<anonymous> (C:\Users\pelak\Desktop\instauto\src\telegram-bot.js:3:21)
    at Module._compile (node:internal/modules/cjs/loader:1730:14)
    at Object..js (node:internal/modules/cjs/loader:1895:10)
    at Module.load (node:internal/modules/cjs/loader:1465:32)
    at Function._load (node:internal/modules/cjs/loader:1282:12)
    at C:\Users\pelak\AppData\Roaming\npm\node_modules\pm2\lib\ProcessContainer.js:292:27
    at wrapper (C:\Users\pelak\AppData\Roaming\npm\node_modules\pm2\node_modules\async\internal\once.js:12:16)
Error: Cannot find module 'node-telegram-bot-api'
Require stack:
- C:\Users\pelak\Desktop\instauto\src\telegram-bot.js
    at Function._resolveFilename (node:internal/modules/cjs/loader:1401:15)
    at Hook._require.Module.require (C:\Users\pelak\AppData\Roaming\npm\node_modules\pm2\node_modules\require-in-the-middle\index.js:81:25)
    at require (node:internal/modules/helpers:135:16)
    at Object.<anonymous> (C:\Users\pelak\Desktop\instauto\src\telegram-bot.js:3:21)
    at Module._compile (node:internal/modules/cjs/loader:1730:14)
    at Object..js (node:internal/modules/cjs/loader:1895:10)
    at Module.load (node:internal/modules/cjs/loader:1465:32)
    at Function._load (node:internal/modules/cjs/loader:1282:12)
    at C:\Users\pelak\AppData\Roaming\npm\node_modules\pm2\lib\ProcessContainer.js:292:27
    at wrapper (C:\Users\pelak\AppData\Roaming\npm\node_modules\pm2\node_modules\async\internal\once.js:12:16)
Error: Cannot find module 'node-telegram-bot-api'
Require stack:
- C:\Users\pelak\Desktop\instauto\src\telegram-bot.js
    at Function._resolveFilename (node:internal/modules/cjs/loader:1401:15)
    at Hook._require.Module.require (C:\Users\pelak\AppData\Roaming\npm\node_modules\pm2\node_modules\require-in-the-middle\index.js:81:25)
    at require (node:internal/modules/helpers:135:16)
    at Object.<anonymous> (C:\Users\pelak\Desktop\instauto\src\telegram-bot.js:3:21)
    at Module._compile (node:internal/modules/cjs/loader:1730:14)
    at Object..js (node:internal/modules/cjs/loader:1895:10)
    at Module.load (node:internal/modules/cjs/loader:1465:32)
    at Function._load (node:internal/modules/cjs/loader:1282:12)
    at C:\Users\pelak\AppData\Roaming\npm\node_modules\pm2\lib\ProcessContainer.js:292:27
    at wrapper (C:\Users\pelak\AppData\Roaming\npm\node_modules\pm2\node_modules\async\internal\once.js:12:16)
Error: Cannot find module 'node-telegram-bot-api'
Require stack:
- C:\Users\pelak\Desktop\instauto\src\telegram-bot.js
    at Function._resolveFilename (node:internal/modules/cjs/loader:1401:15)
    at Hook._require.Module.require (C:\Users\pelak\AppData\Roaming\npm\node_modules\pm2\node_modules\require-in-the-middle\index.js:81:25)
    at require (node:internal/modules/helpers:135:16)
    at Object.<anonymous> (C:\Users\pelak\Desktop\instauto\src\telegram-bot.js:3:21)
    at Module._compile (node:internal/modules/cjs/loader:1730:14)
    at Object..js (node:internal/modules/cjs/loader:1895:10)
    at Module.load (node:internal/modules/cjs/loader:1465:32)
    at Function._load (node:internal/modules/cjs/loader:1282:12)
    at C:\Users\pelak\AppData\Roaming\npm\node_modules\pm2\lib\ProcessContainer.js:292:27
    at wrapper (C:\Users\pelak\AppData\Roaming\npm\node_modules\pm2\node_modules\async\internal\once.js:12:16)
Error: Cannot find module 'node-telegram-bot-api'
Require stack:
- C:\Users\pelak\Desktop\instauto\src\telegram-bot.js
    at Function._resolveFilename (node:internal/modules/cjs/loader:1401:15)
    at Hook._require.Module.require (C:\Users\pelak\AppData\Roaming\npm\node_modules\pm2\node_modules\require-in-the-middle\index.js:81:25)
    at require (node:internal/modules/helpers:135:16)
    at Object.<anonymous> (C:\Users\pelak\Desktop\instauto\src\telegram-bot.js:3:21)
    at Module._compile (node:internal/modules/cjs/loader:1730:14)
    at Object..js (node:internal/modules/cjs/loader:1895:10)
    at Module.load (node:internal/modules/cjs/loader:1465:32)
    at Function._load (node:internal/modules/cjs/loader:1282:12)
    at C:\Users\pelak\AppData\Roaming\npm\node_modules\pm2\lib\ProcessContainer.js:292:27
    at wrapper (C:\Users\pelak\AppData\Roaming\npm\node_modules\pm2\node_modules\async\internal\once.js:12:16)
Error: Cannot find module 'node-telegram-bot-api'
Require stack:
- C:\Users\pelak\Desktop\instauto\src\telegram-bot.js
    at Function._resolveFilename (node:internal/modules/cjs/loader:1401:15)
    at Hook._require.Module.require (C:\Users\pelak\AppData\Roaming\npm\node_modules\pm2\node_modules\require-in-the-middle\index.js:81:25)
    at require (node:internal/modules/helpers:135:16)
    at Object.<anonymous> (C:\Users\pelak\Desktop\instauto\src\telegram-bot.js:3:21)
    at Module._compile (node:internal/modules/cjs/loader:1730:14)
    at Object..js (node:internal/modules/cjs/loader:1895:10)
    at Module.load (node:internal/modules/cjs/loader:1465:32)
    at Function._load (node:internal/modules/cjs/loader:1282:12)
    at C:\Users\pelak\AppData\Roaming\npm\node_modules\pm2\lib\ProcessContainer.js:292:27
    at wrapper (C:\Users\pelak\AppData\Roaming\npm\node_modules\pm2\node_modules\async\internal\once.js:12:16)
Error: Cannot find module 'node-telegram-bot-api'
Require stack:
- C:\Users\pelak\Desktop\instauto\src\telegram-bot.js
    at Function._resolveFilename (node:internal/modules/cjs/loader:1401:15)
    at Hook._require.Module.require (C:\Users\pelak\AppData\Roaming\npm\node_modules\pm2\node_modules\require-in-the-middle\index.js:81:25)
    at require (node:internal/modules/helpers:135:16)
    at Object.<anonymous> (C:\Users\pelak\Desktop\instauto\src\telegram-bot.js:3:21)
    at Module._compile (node:internal/modules/cjs/loader:1730:14)
    at Object..js (node:internal/modules/cjs/loader:1895:10)
    at Module.load (node:internal/modules/cjs/loader:1465:32)
    at Function._load (node:internal/modules/cjs/loader:1282:12)
    at C:\Users\pelak\AppData\Roaming\npm\node_modules\pm2\lib\ProcessContainer.js:292:27
    at wrapper (C:\Users\pelak\AppData\Roaming\npm\node_modules\pm2\node_modules\async\internal\once.js:12:16)
Error: Cannot find module 'node-telegram-bot-api'
Require stack:
- C:\Users\pelak\Desktop\instauto\src\telegram-bot.js
    at Function._resolveFilename (node:internal/modules/cjs/loader:1401:15)
    at Hook._require.Module.require (C:\Users\pelak\AppData\Roaming\npm\node_modules\pm2\node_modules\require-in-the-middle\index.js:81:25)
    at require (node:internal/modules/helpers:135:16)
    at Object.<anonymous> (C:\Users\pelak\Desktop\instauto\src\telegram-bot.js:3:21)
    at Module._compile (node:internal/modules/cjs/loader:1730:14)
    at Object..js (node:internal/modules/cjs/loader:1895:10)
    at Module.load (node:internal/modules/cjs/loader:1465:32)
    at Function._load (node:internal/modules/cjs/loader:1282:12)
    at C:\Users\pelak\AppData\Roaming\npm\node_modules\pm2\lib\ProcessContainer.js:292:27
    at wrapper (C:\Users\pelak\AppData\Roaming\npm\node_modules\pm2\node_modules\async\internal\once.js:12:16)
Error: Cannot find module 'node-telegram-bot-api'
Require stack:
- C:\Users\pelak\Desktop\instauto\src\telegram-bot.js
    at Function._resolveFilename (node:internal/modules/cjs/loader:1401:15)
    at Hook._require.Module.require (C:\Users\pelak\AppData\Roaming\npm\node_modules\pm2\node_modules\require-in-the-middle\index.js:81:25)
    at require (node:internal/modules/helpers:135:16)
    at Object.<anonymous> (C:\Users\pelak\Desktop\instauto\src\telegram-bot.js:3:21)
    at Module._compile (node:internal/modules/cjs/loader:1730:14)
    at Object..js (node:internal/modules/cjs/loader:1895:10)
    at Module.load (node:internal/modules/cjs/loader:1465:32)
    at Function._load (node:internal/modules/cjs/loader:1282:12)
    at C:\Users\pelak\AppData\Roaming\npm\node_modules\pm2\lib\ProcessContainer.js:292:27
    at wrapper (C:\Users\pelak\AppData\Roaming\npm\node_modules\pm2\node_modules\async\internal\once.js:12:16)
Error: Cannot find module 'node-telegram-bot-api'
Require stack:
- C:\Users\pelak\Desktop\instauto\src\telegram-bot.js
    at Function._resolveFilename (node:internal/modules/cjs/loader:1401:15)
    at Hook._require.Module.require (C:\Users\pelak\AppData\Roaming\npm\node_modules\pm2\node_modules\require-in-the-middle\index.js:81:25)
    at require (node:internal/modules/helpers:135:16)
    at Object.<anonymous> (C:\Users\pelak\Desktop\instauto\src\telegram-bot.js:3:21)
    at Module._compile (node:internal/modules/cjs/loader:1730:14)
    at Object..js (node:internal/modules/cjs/loader:1895:10)
    at Module.load (node:internal/modules/cjs/loader:1465:32)
    at Function._load (node:internal/modules/cjs/loader:1282:12)
    at C:\Users\pelak\AppData\Roaming\npm\node_modules\pm2\lib\ProcessContainer.js:292:27
    at wrapper (C:\Users\pelak\AppData\Roaming\npm\node_modules\pm2\node_modules\async\internal\once.js:12:16)
Error: Cannot find module 'node-telegram-bot-api'
Require stack:
- C:\Users\pelak\Desktop\instauto\src\telegram-bot.js
    at Function._resolveFilename (node:internal/modules/cjs/loader:1401:15)
    at Hook._require.Module.require (C:\Users\pelak\AppData\Roaming\npm\node_modules\pm2\node_modules\require-in-the-middle\index.js:81:25)
    at require (node:internal/modules/helpers:135:16)
    at Object.<anonymous> (C:\Users\pelak\Desktop\instauto\src\telegram-bot.js:3:21)
    at Module._compile (node:internal/modules/cjs/loader:1730:14)
    at Object..js (node:internal/modules/cjs/loader:1895:10)
    at Module.load (node:internal/modules/cjs/loader:1465:32)
    at Function._load (node:internal/modules/cjs/loader:1282:12)
    at C:\Users\pelak\AppData\Roaming\npm\node_modules\pm2\lib\ProcessContainer.js:292:27
    at wrapper (C:\Users\pelak\AppData\Roaming\npm\node_modules\pm2\node_modules\async\internal\once.js:12:16)
Error: Cannot find module 'node-telegram-bot-api'
Require stack:
- C:\Users\pelak\Desktop\instauto\src\telegram-bot.js
    at Function._resolveFilename (node:internal/modules/cjs/loader:1401:15)
    at Hook._require.Module.require (C:\Users\pelak\AppData\Roaming\npm\node_modules\pm2\node_modules\require-in-the-middle\index.js:81:25)
    at require (node:internal/modules/helpers:135:16)
    at Object.<anonymous> (C:\Users\pelak\Desktop\instauto\src\telegram-bot.js:3:21)
    at Module._compile (node:internal/modules/cjs/loader:1730:14)
    at Object..js (node:internal/modules/cjs/loader:1895:10)
    at Module.load (node:internal/modules/cjs/loader:1465:32)
    at Function._load (node:internal/modules/cjs/loader:1282:12)
    at C:\Users\pelak\AppData\Roaming\npm\node_modules\pm2\lib\ProcessContainer.js:292:27
    at wrapper (C:\Users\pelak\AppData\Roaming\npm\node_modules\pm2\node_modules\async\internal\once.js:12:16)
Error: Cannot find module 'node-telegram-bot-api'
Require stack:
- C:\Users\pelak\Desktop\instauto\src\telegram-bot.js
    at Function._resolveFilename (node:internal/modules/cjs/loader:1401:15)
    at Hook._require.Module.require (C:\Users\pelak\AppData\Roaming\npm\node_modules\pm2\node_modules\require-in-the-middle\index.js:81:25)
    at require (node:internal/modules/helpers:135:16)
    at Object.<anonymous> (C:\Users\pelak\Desktop\instauto\src\telegram-bot.js:3:21)
    at Module._compile (node:internal/modules/cjs/loader:1730:14)
    at Object..js (node:internal/modules/cjs/loader:1895:10)
    at Module.load (node:internal/modules/cjs/loader:1465:32)
    at Function._load (node:internal/modules/cjs/loader:1282:12)
    at C:\Users\pelak\AppData\Roaming\npm\node_modules\pm2\lib\ProcessContainer.js:292:27
    at wrapper (C:\Users\pelak\AppData\Roaming\npm\node_modules\pm2\node_modules\async\internal\once.js:12:16)
