2025-07-05T13:06:46: error: [polling_error] {"code":"ETELEGRAM","message":"ETELEGRAM: 409 Conflict: terminated by other getUpdates request; make sure that only one bot instance is running"}
2025-07-05T13:06:56: error: [polling_error] {"code":"ETELEGRAM","message":"ETELEGRAM: 409 Conflict: terminated by other getUpdates request; make sure that only one bot instance is running"}
2025-07-05T13:07:03: error: [polling_error] {"code":"ETELEGRAM","message":"ETELEGRAM: 409 Conflict: terminated by other getUpdates request; make sure that only one bot instance is running"}
2025-07-05T13:07:10: error: [polling_error] {"code":"ETELEGRAM","message":"ETELEGRAM: 409 Conflict: terminated by other getUpdates request; make sure that only one bot instance is running"}
2025-07-05T13:07:16: error: [polling_error] {"code":"ETELEGRAM","message":"ETELEGRAM: 409 Conflict: terminated by other getUpdates request; make sure that only one bot instance is running"}
2025-07-05T13:07:23: error: [polling_error] {"code":"ETELEGRAM","message":"ETELEGRAM: 409 Conflict: terminated by other getUpdates request; make sure that only one bot instance is running"}
2025-07-05T13:07:30: error: [polling_error] {"code":"ETELEGRAM","message":"ETELEGRAM: 409 Conflict: terminated by other getUpdates request; make sure that only one bot instance is running"}
2025-07-05T13:07:37: error: [polling_error] {"code":"ETELEGRAM","message":"ETELEGRAM: 409 Conflict: terminated by other getUpdates request; make sure that only one bot instance is running"}
2025-07-05T13:07:44: error: [polling_error] {"code":"ETELEGRAM","message":"ETELEGRAM: 409 Conflict: terminated by other getUpdates request; make sure that only one bot instance is running"}
2025-07-05T13:07:51: error: [polling_error] {"code":"ETELEGRAM","message":"ETELEGRAM: 409 Conflict: terminated by other getUpdates request; make sure that only one bot instance is running"}
2025-07-05T13:07:58: error: [polling_error] {"code":"ETELEGRAM","message":"ETELEGRAM: 409 Conflict: terminated by other getUpdates request; make sure that only one bot instance is running"}
2025-07-05T13:08:04: error: [polling_error] {"code":"ETELEGRAM","message":"ETELEGRAM: 409 Conflict: terminated by other getUpdates request; make sure that only one bot instance is running"}
2025-07-05T13:08:11: error: [polling_error] {"code":"ETELEGRAM","message":"ETELEGRAM: 409 Conflict: terminated by other getUpdates request; make sure that only one bot instance is running"}
2025-07-05T13:08:18: error: [polling_error] {"code":"ETELEGRAM","message":"ETELEGRAM: 409 Conflict: terminated by other getUpdates request; make sure that only one bot instance is running"}
2025-07-05T13:08:25: error: [polling_error] {"code":"ETELEGRAM","message":"ETELEGRAM: 409 Conflict: terminated by other getUpdates request; make sure that only one bot instance is running"}
2025-07-05T13:08:32: error: [polling_error] {"code":"ETELEGRAM","message":"ETELEGRAM: 409 Conflict: terminated by other getUpdates request; make sure that only one bot instance is running"}
2025-07-05T13:08:39: error: [polling_error] {"code":"ETELEGRAM","message":"ETELEGRAM: 409 Conflict: terminated by other getUpdates request; make sure that only one bot instance is running"}
2025-07-05T13:08:45: error: [polling_error] {"code":"ETELEGRAM","message":"ETELEGRAM: 409 Conflict: terminated by other getUpdates request; make sure that only one bot instance is running"}
2025-07-05T13:08:52: error: [polling_error] {"code":"ETELEGRAM","message":"ETELEGRAM: 409 Conflict: terminated by other getUpdates request; make sure that only one bot instance is running"}
2025-07-05T13:08:59: error: [polling_error] {"code":"ETELEGRAM","message":"ETELEGRAM: 409 Conflict: terminated by other getUpdates request; make sure that only one bot instance is running"}
2025-07-05T13:09:06: error: [polling_error] {"code":"ETELEGRAM","message":"ETELEGRAM: 409 Conflict: terminated by other getUpdates request; make sure that only one bot instance is running"}
2025-07-05T13:09:13: error: [polling_error] {"code":"ETELEGRAM","message":"ETELEGRAM: 409 Conflict: terminated by other getUpdates request; make sure that only one bot instance is running"}
2025-07-05T13:09:19: error: [polling_error] {"code":"ETELEGRAM","message":"ETELEGRAM: 409 Conflict: terminated by other getUpdates request; make sure that only one bot instance is running"}
2025-07-05T13:09:26: error: [polling_error] {"code":"ETELEGRAM","message":"ETELEGRAM: 409 Conflict: terminated by other getUpdates request; make sure that only one bot instance is running"}
2025-07-05T13:09:33: error: [polling_error] {"code":"ETELEGRAM","message":"ETELEGRAM: 409 Conflict: terminated by other getUpdates request; make sure that only one bot instance is running"}
2025-07-05T13:09:40: error: [polling_error] {"code":"ETELEGRAM","message":"ETELEGRAM: 409 Conflict: terminated by other getUpdates request; make sure that only one bot instance is running"}
2025-07-05T13:09:46: error: [polling_error] {"code":"ETELEGRAM","message":"ETELEGRAM: 409 Conflict: terminated by other getUpdates request; make sure that only one bot instance is running"}
2025-07-05T13:09:53: error: [polling_error] {"code":"ETELEGRAM","message":"ETELEGRAM: 409 Conflict: terminated by other getUpdates request; make sure that only one bot instance is running"}
2025-07-05T13:10:00: error: [polling_error] {"code":"ETELEGRAM","message":"ETELEGRAM: 409 Conflict: terminated by other getUpdates request; make sure that only one bot instance is running"}
2025-07-05T13:10:07: error: [polling_error] {"code":"ETELEGRAM","message":"ETELEGRAM: 409 Conflict: terminated by other getUpdates request; make sure that only one bot instance is running"}
2025-07-05T13:10:14: error: [polling_error] {"code":"ETELEGRAM","message":"ETELEGRAM: 409 Conflict: terminated by other getUpdates request; make sure that only one bot instance is running"}
2025-07-05T13:10:21: error: [polling_error] {"code":"ETELEGRAM","message":"ETELEGRAM: 409 Conflict: terminated by other getUpdates request; make sure that only one bot instance is running"}
2025-07-05T13:10:27: error: [polling_error] {"code":"ETELEGRAM","message":"ETELEGRAM: 409 Conflict: terminated by other getUpdates request; make sure that only one bot instance is running"}
2025-07-05T13:10:34: error: [polling_error] {"code":"ETELEGRAM","message":"ETELEGRAM: 409 Conflict: terminated by other getUpdates request; make sure that only one bot instance is running"}
2025-07-05T13:10:41: error: [polling_error] {"code":"ETELEGRAM","message":"ETELEGRAM: 409 Conflict: terminated by other getUpdates request; make sure that only one bot instance is running"}
2025-07-05T20:25:08: [User 7647790288] WARN: WARNING: Login has not succeeded. This could be because of an incorrect username/password, invalid sessionid, or a "suspicious login attempt"-message. You need to manually complete the process, or if really logged in, click the Instagram logo in the top left to go to the Home page.
2025-07-05T20:27:02: [User 7647790288] WARN: WARNING: Login has not succeeded. This could be because of an incorrect username/password, invalid sessionid, or a "suspicious login attempt"-message. You need to manually complete the process, or if really logged in, click the Instagram logo in the top left to go to the Home page.
2025-07-05T20:58:09: [User 7647790288] WARN: Could not detect username automatically
2025-07-05T21:25:10: [User 7647790288] WARN: Could not detect username automatically
2025-07-05T21:35:02: [User 7647790288] WARN: Failed to intercept network request for capitalclub1518: Page closed!
2025-07-05T21:35:02: [User 7647790288] WARN: 🔄 All methods failed for capitalclub1518, using fallback data
2025-07-05T21:35:02: [User 7647790288] ERROR: Error navigating to aianthems: Protocol error (Page.navigate): Session closed. Most likely the page has been closed.
2025-07-05T21:35:02: [User 7647790288] WARN: Could not access profile aianthems: User not found
2025-07-05T21:35:02: [User 7647790288] ERROR: Error navigating to chujcieobchodzi_019: Protocol error (Page.navigate): Session closed. Most likely the page has been closed.
2025-07-05T21:35:02: [User 7647790288] WARN: Could not access profile chujcieobchodzi_019: User not found
2025-07-05T21:35:02: [User 7647790288] ERROR: Error navigating to rezio_zj3b: Protocol error (Page.navigate): Session closed. Most likely the page has been closed.
2025-07-05T21:35:02: [User 7647790288] WARN: Could not access profile rezio_zj3b: User not found
2025-07-05T21:35:02: [User 7647790288] ERROR: Error navigating to xxozai: Protocol error (Page.navigate): Session closed. Most likely the page has been closed.
2025-07-05T21:35:02: [User 7647790288] WARN: Could not access profile xxozai: User not found
2025-07-05T21:35:02: [User 7647790288] ERROR: Error navigating to henry_andy10: Protocol error (Page.navigate): Session closed. Most likely the page has been closed.
2025-07-05T21:35:02: [User 7647790288] WARN: Could not access profile henry_andy10: User not found
2025-07-05T21:35:02: [User 7647790288] ERROR: Error navigating to meth_breather: Protocol error (Page.navigate): Session closed. Most likely the page has been closed.
2025-07-05T21:35:02: [User 7647790288] WARN: Could not access profile meth_breather: User not found
2025-07-05T21:35:02: [User 7647790288] ERROR: Error navigating to jjeromecoleone: Protocol error (Page.navigate): Session closed. Most likely the page has been closed.
2025-07-05T21:35:02: [User 7647790288] WARN: Could not access profile jjeromecoleone: User not found
2025-07-05T21:35:02: [User 7647790288] ERROR: Error navigating to max23_967: Protocol error (Page.navigate): Session closed. Most likely the page has been closed.
2025-07-05T21:35:02: [User 7647790288] WARN: Could not access profile max23_967: User not found
2025-07-05T21:35:02: [User 7647790288] ERROR: Error navigating to did.youwash_your.ass.today: Protocol error (Page.navigate): Session closed. Most likely the page has been closed.
2025-07-05T21:35:02: [User 7647790288] WARN: Could not access profile did.youwash_your.ass.today: User not found
2025-07-05T21:35:02: [User 7647790288] ERROR: Error navigating to markrowe_savo: Protocol error (Page.navigate): Session closed. Most likely the page has been closed.
2025-07-05T21:35:02: [User 7647790288] WARN: Could not access profile markrowe_savo: User not found
2025-07-05T21:35:02: [User 7647790288] ERROR: Error navigating to mimiii072024: Protocol error (Page.navigate): Session closed. Most likely the page has been closed.
2025-07-05T21:35:02: [User 7647790288] WARN: Could not access profile mimiii072024: User not found
2025-07-05T21:35:02: [User 7647790288] ERROR: Error navigating to dallius567: Protocol error (Page.navigate): Session closed. Most likely the page has been closed.
2025-07-05T21:35:02: [User 7647790288] WARN: Could not access profile dallius567: User not found
2025-07-05T21:35:02: [User 7647790288] ERROR: Error navigating to sexy_anony_mous69: Protocol error (Page.navigate): Session closed. Most likely the page has been closed.
2025-07-05T21:35:02: [User 7647790288] WARN: Could not access profile sexy_anony_mous69: User not found
2025-07-05T21:35:02: [User 7647790288] ERROR: Error navigating to lucas420210: Protocol error (Page.navigate): Session closed. Most likely the page has been closed.
2025-07-05T21:35:02: [User 7647790288] WARN: Could not access profile lucas420210: User not found
2025-07-05T21:35:02: [User 7647790288] ERROR: Error navigating to suiii____5: Protocol error (Page.navigate): Session closed. Most likely the page has been closed.
2025-07-05T21:35:02: [User 7647790288] WARN: Could not access profile suiii____5: User not found
2025-07-05T21:35:02: [User 7647790288] ERROR: Error navigating to makacha2025: Protocol error (Page.navigate): Session closed. Most likely the page has been closed.
2025-07-05T21:35:02: [User 7647790288] WARN: Could not access profile makacha2025: User not found
2025-07-05T21:35:02: [User 7647790288] ERROR: Error navigating to georgestffrc: Protocol error (Page.navigate): Session closed. Most likely the page has been closed.
2025-07-05T21:35:02: [User 7647790288] WARN: Could not access profile georgestffrc: User not found
2025-07-05T21:35:02: [User 7647790288] ERROR: Error navigating to shat_gc: Protocol error (Page.navigate): Session closed. Most likely the page has been closed.
2025-07-05T21:35:02: [User 7647790288] WARN: Could not access profile shat_gc: User not found
2025-07-05T21:35:02: [User 7647790288] ERROR: Error navigating to serenitybrown270: Protocol error (Page.navigate): Session closed. Most likely the page has been closed.
2025-07-05T21:35:02: [User 7647790288] WARN: Could not access profile serenitybrown270: User not found
2025-07-05T21:35:02: [User 7647790288] ERROR: Error navigating to skibidiohio090: Protocol error (Page.navigate): Session closed. Most likely the page has been closed.
2025-07-05T21:35:02: [User 7647790288] WARN: Could not access profile skibidiohio090: User not found
2025-07-05T21:35:02: [User 7647790288] ERROR: Error navigating to chasecollen00: Protocol error (Page.navigate): Session closed. Most likely the page has been closed.
2025-07-05T21:35:02: [User 7647790288] WARN: Could not access profile chasecollen00: User not found
2025-07-05T21:35:02: [User 7647790288] ERROR: Error navigating to gaffnycaleb: Protocol error (Page.navigate): Session closed. Most likely the page has been closed.
2025-07-05T21:35:02: [User 7647790288] WARN: Could not access profile gaffnycaleb: User not found
2025-07-05T21:35:02: [User 7647790288] ERROR: Error navigating to alan_19_garcia: Protocol error (Page.navigate): Session closed. Most likely the page has been closed.
2025-07-05T21:35:02: [User 7647790288] WARN: Could not access profile alan_19_garcia: User not found
2025-07-05T21:35:02: [User 7647790288] ERROR: Error navigating to oroso09: Protocol error (Page.navigate): Session closed. Most likely the page has been closed.
2025-07-05T21:35:02: [User 7647790288] WARN: Could not access profile oroso09: User not found
2025-07-05T21:35:02: [User 7647790288] ERROR: Error navigating to j5_ed7t: Protocol error (Page.navigate): Session closed. Most likely the page has been closed.
2025-07-05T21:35:02: [User 7647790288] WARN: Could not access profile j5_ed7t: User not found
2025-07-05T21:35:02: [User 7647790288] ERROR: Error navigating to honeyqt420: Protocol error (Page.navigate): Session closed. Most likely the page has been closed.
2025-07-05T21:35:02: [User 7647790288] WARN: Could not access profile honeyqt420: User not found
2025-07-05T21:35:02: [User 7647790288] ERROR: Error navigating to jonathancalabines123: Protocol error (Page.navigate): Session closed. Most likely the page has been closed.
2025-07-05T21:35:02: [User 7647790288] WARN: Could not access profile jonathancalabines123: User not found
2025-07-05T21:35:02: [User 7647790288] ERROR: Error navigating to star.girljassy: Protocol error (Page.navigate): Session closed. Most likely the page has been closed.
2025-07-05T21:35:02: [User 7647790288] WARN: Could not access profile star.girljassy: User not found
2025-07-05T21:35:02: [User 7647790288] ERROR: Error navigating to sebas_tiao_xp: Protocol error (Page.navigate): Session closed. Most likely the page has been closed.
2025-07-05T21:35:02: [User 7647790288] WARN: Could not access profile sebas_tiao_xp: User not found
2025-07-05T21:35:02: [User 7647790288] ERROR: Error navigating to dancer_kpopfan9: Protocol error (Page.navigate): Session closed. Most likely the page has been closed.
2025-07-05T21:35:02: [User 7647790288] WARN: Could not access profile dancer_kpopfan9: User not found
2025-07-05T21:35:02: [User 7647790288] ERROR: Error navigating to sssamirasss_: Protocol error (Page.navigate): Session closed. Most likely the page has been closed.
2025-07-05T21:35:02: [User 7647790288] WARN: Could not access profile sssamirasss_: User not found
2025-07-05T21:35:02: [User 7647790288] ERROR: Error navigating to tinyted1977: Protocol error (Page.navigate): Session closed. Most likely the page has been closed.
2025-07-05T21:35:02: [User 7647790288] WARN: Could not access profile tinyted1977: User not found
2025-07-05T21:35:02: [User 7647790288] ERROR: Error navigating to _mathiasmith: Protocol error (Page.navigate): Session closed. Most likely the page has been closed.
2025-07-05T21:35:02: [User 7647790288] WARN: Could not access profile _mathiasmith: User not found
2025-07-05T21:35:02: [User 7647790288] ERROR: Error navigating to miyudreamclub: Protocol error (Page.navigate): Session closed. Most likely the page has been closed.
2025-07-05T21:35:02: [User 7647790288] WARN: Could not access profile miyudreamclub: User not found
2025-07-05T21:35:02: [User 7647790288] ERROR: Error navigating to janam_bk_1: Protocol error (Page.navigate): Session closed. Most likely the page has been closed.
2025-07-05T21:35:02: [User 7647790288] WARN: Could not access profile janam_bk_1: User not found
2025-07-05T21:35:02: [User 7647790288] ERROR: Error navigating to nxs4asiaw4: Protocol error (Page.navigate): Session closed. Most likely the page has been closed.
2025-07-05T21:35:02: [User 7647790288] WARN: Could not access profile nxs4asiaw4: User not found
2025-07-05T21:35:02: [User 7647790288] ERROR: Error navigating to leon.sydow: Protocol error (Page.navigate): Session closed. Most likely the page has been closed.
2025-07-05T21:35:02: [User 7647790288] WARN: Could not access profile leon.sydow: User not found
2025-07-05T21:35:02: [User 7647790288] ERROR: Error navigating to triggerttk35162: Protocol error (Page.navigate): Session closed. Most likely the page has been closed.
2025-07-05T21:35:02: [User 7647790288] WARN: Could not access profile triggerttk35162: User not found
2025-07-05T21:35:02: [User 7647790288] ERROR: Error navigating to miltos82_: Protocol error (Page.navigate): Session closed. Most likely the page has been closed.
2025-07-05T21:35:02: [User 7647790288] WARN: Could not access profile miltos82_: User not found
2025-07-05T21:35:02: [User 7647790288] ERROR: Error navigating to damn.fxxktheworld: Protocol error (Page.navigate): Session closed. Most likely the page has been closed.
2025-07-05T21:35:02: [User 7647790288] WARN: Could not access profile damn.fxxktheworld: User not found
2025-07-05T21:35:02: [User 7647790288] ERROR: Error navigating to slmnsr9889: Protocol error (Page.navigate): Session closed. Most likely the page has been closed.
2025-07-05T21:35:02: [User 7647790288] WARN: Could not access profile slmnsr9889: User not found
2025-07-05T21:35:02: [User 7647790288] ERROR: Error navigating to janineislam: Protocol error (Page.navigate): Session closed. Most likely the page has been closed.
2025-07-05T21:35:02: [User 7647790288] WARN: Could not access profile janineislam: User not found
2025-07-05T21:35:02: [User 7647790288] ERROR: Error navigating to milabarakatt: Protocol error (Page.navigate): Session closed. Most likely the page has been closed.
2025-07-05T21:35:02: [User 7647790288] WARN: Could not access profile milabarakatt: User not found
2025-07-05T21:35:02: [User 7647790288] ERROR: Error navigating to gioquistorio: Protocol error (Page.navigate): Session closed. Most likely the page has been closed.
2025-07-05T21:35:02: [User 7647790288] WARN: Could not access profile gioquistorio: User not found
2025-07-05T21:35:02: [User 7647790288] ERROR: Error navigating to daricocusing: Protocol error (Page.navigate): Session closed. Most likely the page has been closed.
2025-07-05T21:35:02: [User 7647790288] WARN: Could not access profile daricocusing: User not found
2025-07-05T21:35:02: [User 7647790288] ERROR: Error navigating to nightq44: Protocol error (Page.navigate): Session closed. Most likely the page has been closed.
2025-07-05T21:35:02: [User 7647790288] WARN: Could not access profile nightq44: User not found
2025-07-05T21:35:02: [User 7647790288] ERROR: Error navigating to barb.aros1005: Protocol error (Page.navigate): Session closed. Most likely the page has been closed.
2025-07-05T21:35:02: [User 7647790288] WARN: Could not access profile barb.aros1005: User not found
2025-07-05T21:35:02: [User 7647790288] ERROR: Error navigating to elimatthews82452: Protocol error (Page.navigate): Session closed. Most likely the page has been closed.
2025-07-05T21:35:02: [User 7647790288] WARN: Could not access profile elimatthews82452: User not found
2025-07-05T21:36:02: [User 7647790288] WARN: Detached frame error navigating to lunamei.xo
2025-07-05T21:36:02: [User 7647790288] WARN: Could not access profile lunamei.xo: User not found
2025-07-05T21:36:02: [User 7647790288] WARN: Detached frame error navigating to summerrstone
2025-07-05T21:36:02: [User 7647790288] WARN: Could not access profile summerrstone: User not found
2025-07-05T21:36:02: [User 7647790288] WARN: Detached frame error navigating to imnaominorth
2025-07-05T21:36:02: [User 7647790288] WARN: Could not access profile imnaominorth: User not found
2025-07-05T21:36:02: [User 7647790288] WARN: Detached frame error navigating to jasaminebankstv
2025-07-05T21:36:02: [User 7647790288] WARN: Could not access profile jasaminebankstv: User not found
2025-07-05T21:38:52: [User 7647790288] WARN: Could not detect username automatically
2025-07-05T21:45:46: [User 7647790288] WARN: Could not detect username automatically
2025-07-05T23:04:10: [User 7647790288] WARN: Could not detect username automatically
2025-07-05T23:11:00: [User 7647790288] WARN: Could not detect username automatically
2025-07-05T23:14:08: [User 7647790288] WARN: Detached frame error navigating to b4n3ado
2025-07-05T23:14:08: [User 7647790288] WARN: Could not access profile b4n3ado: User not found
2025-07-05T23:14:08: [User 7647790288] WARN: Detached frame error navigating to destinyanyalemachi
2025-07-05T23:14:08: [User 7647790288] WARN: Could not access profile destinyanyalemachi: User not found
2025-07-05T23:14:08: [User 7647790288] WARN: Detached frame error navigating to alissonburgers20
2025-07-05T23:14:08: [User 7647790288] WARN: Could not access profile alissonburgers20: User not found
2025-07-05T23:14:08: [User 7647790288] WARN: Detached frame error navigating to 19.mihajlov.13
2025-07-05T23:14:08: [User 7647790288] WARN: Could not access profile 19.mihajlov.13: User not found
2025-07-05T23:14:08: [User 7647790288] WARN: Detached frame error navigating to barretin.kn
2025-07-05T23:14:08: [User 7647790288] WARN: Could not access profile barretin.kn: User not found
2025-07-05T23:14:08: [User 7647790288] WARN: Detached frame error navigating to baba._pro.kral
2025-07-05T23:14:08: [User 7647790288] WARN: Could not access profile baba._pro.kral: User not found
2025-07-05T23:14:08: [User 7647790288] WARN: Detached frame error navigating to restingon2
2025-07-05T23:14:08: [User 7647790288] WARN: Could not access profile restingon2: User not found
2025-07-05T23:14:08: [User 7647790288] WARN: Detached frame error navigating to asdfmqz
2025-07-05T23:14:08: [User 7647790288] WARN: Could not access profile asdfmqz: User not found
2025-07-05T23:14:08: [User 7647790288] WARN: Detached frame error navigating to impex40
2025-07-05T23:14:08: [User 7647790288] WARN: Could not access profile impex40: User not found
2025-07-05T23:14:08: [User 7647790288] WARN: Detached frame error navigating to sfntysvn
2025-07-05T23:14:08: [User 7647790288] WARN: Could not access profile sfntysvn: User not found
2025-07-05T23:14:08: [User 7647790288] WARN: Detached frame error navigating to user_123_4.5
2025-07-05T23:14:08: [User 7647790288] WARN: Could not access profile user_123_4.5: User not found
2025-07-05T23:14:08: [User 7647790288] WARN: Detached frame error navigating to male324220
2025-07-05T23:14:08: [User 7647790288] WARN: Could not access profile male324220: User not found
2025-07-05T23:14:08: [User 7647790288] WARN: Detached frame error navigating to taylor614337
2025-07-05T23:14:08: [User 7647790288] WARN: Could not access profile taylor614337: User not found
2025-07-05T23:14:08: [User 7647790288] WARN: Detached frame error navigating to anthony.f1ft33n
2025-07-05T23:14:08: [User 7647790288] WARN: Could not access profile anthony.f1ft33n: User not found
2025-07-05T23:14:08: [User 7647790288] WARN: Detached frame error navigating to trafslaton
2025-07-05T23:14:08: [User 7647790288] WARN: Could not access profile trafslaton: User not found
2025-07-05T23:14:08: [User 7647790288] WARN: Detached frame error navigating to jacksonspudman
2025-07-05T23:14:08: [User 7647790288] WARN: Could not access profile jacksonspudman: User not found
2025-07-05T23:14:08: [User 7647790288] WARN: Detached frame error navigating to firhoney
2025-07-05T23:14:08: [User 7647790288] WARN: Could not access profile firhoney: User not found
2025-07-05T23:14:08: [User 7647790288] WARN: Detached frame error navigating to _aldifari
2025-07-05T23:14:08: [User 7647790288] WARN: Could not access profile _aldifari: User not found
2025-07-05T23:14:08: [User 7647790288] WARN: Detached frame error navigating to emilkaaa_001
2025-07-05T23:14:08: [User 7647790288] WARN: Could not access profile emilkaaa_001: User not found
2025-07-05T23:14:08: [User 7647790288] WARN: Detached frame error navigating to today.s_deed
2025-07-05T23:14:08: [User 7647790288] WARN: Could not access profile today.s_deed: User not found
2025-07-05T23:14:08: [User 7647790288] WARN: Detached frame error navigating to elanie.ava
2025-07-05T23:14:08: [User 7647790288] WARN: Could not access profile elanie.ava: User not found
2025-07-05T23:14:08: [User 7647790288] WARN: Detached frame error navigating to yourm_omyyyyyyy
2025-07-05T23:14:08: [User 7647790288] WARN: Could not access profile yourm_omyyyyyyy: User not found
2025-07-05T23:14:08: [User 7647790288] WARN: Detached frame error navigating to madnesshero66
2025-07-05T23:14:08: [User 7647790288] WARN: Could not access profile madnesshero66: User not found
2025-07-05T23:14:08: [User 7647790288] WARN: Detached frame error navigating to guilb.ert19
2025-07-05T23:14:08: [User 7647790288] WARN: Could not access profile guilb.ert19: User not found
2025-07-05T23:14:08: [User 7647790288] WARN: Detached frame error navigating to roll_tan
2025-07-05T23:14:08: [User 7647790288] WARN: Could not access profile roll_tan: User not found
2025-07-05T23:14:08: [User 7647790288] WARN: Detached frame error navigating to lafreniere6237
2025-07-05T23:14:08: [User 7647790288] WARN: Could not access profile lafreniere6237: User not found
2025-07-05T23:14:08: [User 7647790288] WARN: Detached frame error navigating to reynan.limbago
2025-07-05T23:14:08: [User 7647790288] WARN: Could not access profile reynan.limbago: User not found
2025-07-05T23:14:08: [User 7647790288] WARN: Detached frame error navigating to noneofyourbuisness103
2025-07-05T23:14:08: [User 7647790288] WARN: Could not access profile noneofyourbuisness103: User not found
2025-07-05T23:14:08: [User 7647790288] WARN: Detached frame error navigating to marbledspace
2025-07-05T23:14:08: [User 7647790288] WARN: Could not access profile marbledspace: User not found
2025-07-05T23:14:08: [User 7647790288] WARN: Detached frame error navigating to michelleleemaclean
2025-07-05T23:14:08: [User 7647790288] WARN: Could not access profile michelleleemaclean: User not found
2025-07-05T23:14:08: [User 7647790288] WARN: Detached frame error navigating to saralynn16636
2025-07-05T23:14:08: [User 7647790288] WARN: Could not access profile saralynn16636: User not found
2025-07-05T23:14:08: [User 7647790288] WARN: Detached frame error navigating to sumanto781308
2025-07-05T23:14:08: [User 7647790288] WARN: Could not access profile sumanto781308: User not found
2025-07-05T23:14:08: [User 7647790288] WARN: Detached frame error navigating to jdonaldst
2025-07-05T23:14:08: [User 7647790288] WARN: Could not access profile jdonaldst: User not found
2025-07-05T23:14:08: [User 7647790288] WARN: Detached frame error navigating to micheal_jackmarll2848
2025-07-05T23:14:08: [User 7647790288] WARN: Could not access profile micheal_jackmarll2848: User not found
2025-07-05T23:14:08: [User 7647790288] WARN: Detached frame error navigating to ppoorrnn_01
2025-07-05T23:14:08: [User 7647790288] WARN: Could not access profile ppoorrnn_01: User not found
2025-07-05T23:14:08: [User 7647790288] WARN: Detached frame error navigating to velasqueztiffany24
2025-07-05T23:14:08: [User 7647790288] WARN: Could not access profile velasqueztiffany24: User not found
2025-07-05T23:14:08: [User 7647790288] WARN: Detached frame error navigating to lillianvargashouston
2025-07-05T23:14:08: [User 7647790288] WARN: Could not access profile lillianvargashouston: User not found
2025-07-05T23:14:08: [User 7647790288] WARN: Detached frame error navigating to fahfghj
2025-07-05T23:14:08: [User 7647790288] WARN: Could not access profile fahfghj: User not found
2025-07-05T23:14:08: [User 7647790288] WARN: Detached frame error navigating to capitalclub1518
2025-07-05T23:14:08: [User 7647790288] WARN: Could not access profile capitalclub1518: User not found
2025-07-05T23:14:08: [User 7647790288] WARN: Detached frame error navigating to aianthems
2025-07-05T23:14:08: [User 7647790288] WARN: Could not access profile aianthems: User not found
2025-07-05T23:14:08: [User 7647790288] WARN: Detached frame error navigating to chujcieobchodzi_019
2025-07-05T23:14:08: [User 7647790288] WARN: Could not access profile chujcieobchodzi_019: User not found
2025-07-05T23:14:08: [User 7647790288] WARN: Detached frame error navigating to rezio_zj3b
2025-07-05T23:14:08: [User 7647790288] WARN: Could not access profile rezio_zj3b: User not found
2025-07-05T23:14:08: [User 7647790288] WARN: Detached frame error navigating to xxozai
2025-07-05T23:14:08: [User 7647790288] WARN: Could not access profile xxozai: User not found
2025-07-05T23:14:08: [User 7647790288] WARN: Detached frame error navigating to henry_andy10
2025-07-05T23:14:08: [User 7647790288] WARN: Could not access profile henry_andy10: User not found
2025-07-05T23:14:08: [User 7647790288] WARN: Detached frame error navigating to meth_breather
2025-07-05T23:14:08: [User 7647790288] WARN: Could not access profile meth_breather: User not found
2025-07-05T23:14:08: [User 7647790288] WARN: Detached frame error navigating to jjeromecoleone
2025-07-05T23:14:08: [User 7647790288] WARN: Could not access profile jjeromecoleone: User not found
2025-07-05T23:14:08: [User 7647790288] WARN: Detached frame error navigating to max23_967
2025-07-05T23:14:08: [User 7647790288] WARN: Could not access profile max23_967: User not found
2025-07-05T23:14:08: [User 7647790288] WARN: Detached frame error navigating to did.youwash_your.ass.today
2025-07-05T23:14:08: [User 7647790288] WARN: Could not access profile did.youwash_your.ass.today: User not found
2025-07-05T23:14:08: [User 7647790288] WARN: Detached frame error navigating to markrowe_savo
2025-07-05T23:14:08: [User 7647790288] WARN: Could not access profile markrowe_savo: User not found
2025-07-05T23:14:08: [User 7647790288] WARN: Detached frame error navigating to mimiii072024
2025-07-05T23:14:08: [User 7647790288] WARN: Could not access profile mimiii072024: User not found
2025-07-05T23:14:08: [User 7647790288] WARN: Detached frame error navigating to dallius567
2025-07-05T23:14:08: [User 7647790288] WARN: Could not access profile dallius567: User not found
2025-07-05T23:14:08: [User 7647790288] WARN: Detached frame error navigating to sexy_anony_mous69
2025-07-05T23:14:08: [User 7647790288] WARN: Could not access profile sexy_anony_mous69: User not found
2025-07-05T23:14:08: [User 7647790288] WARN: Detached frame error navigating to lucas420210
2025-07-05T23:14:08: [User 7647790288] WARN: Could not access profile lucas420210: User not found
2025-07-05T23:14:08: [User 7647790288] WARN: Detached frame error navigating to suiii____5
2025-07-05T23:14:08: [User 7647790288] WARN: Could not access profile suiii____5: User not found
2025-07-05T23:14:08: [User 7647790288] WARN: Detached frame error navigating to makacha2025
2025-07-05T23:14:08: [User 7647790288] WARN: Could not access profile makacha2025: User not found
2025-07-05T23:14:08: [User 7647790288] WARN: Detached frame error navigating to georgestffrc
2025-07-05T23:14:08: [User 7647790288] WARN: Could not access profile georgestffrc: User not found
2025-07-05T23:14:08: [User 7647790288] WARN: Detached frame error navigating to shat_gc
2025-07-05T23:14:08: [User 7647790288] WARN: Could not access profile shat_gc: User not found
2025-07-05T23:14:08: [User 7647790288] WARN: Detached frame error navigating to serenitybrown270
2025-07-05T23:14:08: [User 7647790288] WARN: Could not access profile serenitybrown270: User not found
2025-07-05T23:14:08: [User 7647790288] WARN: Detached frame error navigating to skibidiohio090
2025-07-05T23:14:08: [User 7647790288] WARN: Could not access profile skibidiohio090: User not found
2025-07-05T23:14:08: [User 7647790288] WARN: Detached frame error navigating to chasecollen00
2025-07-05T23:14:08: [User 7647790288] WARN: Could not access profile chasecollen00: User not found
2025-07-05T23:14:08: [User 7647790288] WARN: Detached frame error navigating to gaffnycaleb
2025-07-05T23:14:08: [User 7647790288] WARN: Could not access profile gaffnycaleb: User not found
2025-07-05T23:14:08: [User 7647790288] WARN: Detached frame error navigating to alan_19_garcia
2025-07-05T23:14:08: [User 7647790288] WARN: Could not access profile alan_19_garcia: User not found
2025-07-05T23:14:08: [User 7647790288] WARN: Detached frame error navigating to oroso09
2025-07-05T23:14:08: [User 7647790288] WARN: Could not access profile oroso09: User not found
2025-07-05T23:14:08: [User 7647790288] WARN: Detached frame error navigating to j5_ed7t
2025-07-05T23:14:08: [User 7647790288] WARN: Could not access profile j5_ed7t: User not found
2025-07-05T23:14:08: [User 7647790288] WARN: Detached frame error navigating to honeyqt420
2025-07-05T23:14:08: [User 7647790288] WARN: Could not access profile honeyqt420: User not found
2025-07-05T23:14:08: [User 7647790288] WARN: Detached frame error navigating to jonathancalabines123
2025-07-05T23:14:08: [User 7647790288] WARN: Could not access profile jonathancalabines123: User not found
2025-07-05T23:14:08: [User 7647790288] WARN: Detached frame error navigating to star.girljassy
2025-07-05T23:14:08: [User 7647790288] WARN: Could not access profile star.girljassy: User not found
2025-07-05T23:14:08: [User 7647790288] WARN: Detached frame error navigating to sebas_tiao_xp
2025-07-05T23:14:08: [User 7647790288] WARN: Could not access profile sebas_tiao_xp: User not found
2025-07-05T23:14:08: [User 7647790288] WARN: Detached frame error navigating to dancer_kpopfan9
2025-07-05T23:14:08: [User 7647790288] WARN: Could not access profile dancer_kpopfan9: User not found
2025-07-05T23:14:08: [User 7647790288] WARN: Detached frame error navigating to sssamirasss_
2025-07-05T23:14:08: [User 7647790288] WARN: Could not access profile sssamirasss_: User not found
2025-07-05T23:14:08: [User 7647790288] WARN: Detached frame error navigating to tinyted1977
2025-07-05T23:14:08: [User 7647790288] WARN: Could not access profile tinyted1977: User not found
2025-07-05T23:14:08: [User 7647790288] WARN: Detached frame error navigating to _mathiasmith
2025-07-05T23:14:08: [User 7647790288] WARN: Could not access profile _mathiasmith: User not found
2025-07-05T23:14:08: [User 7647790288] WARN: Detached frame error navigating to janam_bk_1
2025-07-05T23:14:08: [User 7647790288] WARN: Could not access profile janam_bk_1: User not found
2025-07-05T23:14:08: [User 7647790288] WARN: Detached frame error navigating to nxs4asiaw4
2025-07-05T23:14:08: [User 7647790288] WARN: Could not access profile nxs4asiaw4: User not found
2025-07-05T23:14:08: [User 7647790288] WARN: Detached frame error navigating to leon.sydow
2025-07-05T23:14:08: [User 7647790288] WARN: Could not access profile leon.sydow: User not found
2025-07-05T23:14:08: [User 7647790288] WARN: Detached frame error navigating to triggerttk35162
2025-07-05T23:14:08: [User 7647790288] WARN: Could not access profile triggerttk35162: User not found
2025-07-05T23:14:08: [User 7647790288] WARN: Detached frame error navigating to miltos82_
2025-07-05T23:14:08: [User 7647790288] WARN: Could not access profile miltos82_: User not found
2025-07-05T23:14:08: [User 7647790288] WARN: Detached frame error navigating to damn.fxxktheworld
2025-07-05T23:14:08: [User 7647790288] WARN: Could not access profile damn.fxxktheworld: User not found
2025-07-05T23:14:08: [User 7647790288] WARN: Detached frame error navigating to slmnsr9889
2025-07-05T23:14:08: [User 7647790288] WARN: Could not access profile slmnsr9889: User not found
2025-07-05T23:14:08: [User 7647790288] WARN: Detached frame error navigating to janineislam
2025-07-05T23:14:08: [User 7647790288] WARN: Could not access profile janineislam: User not found
2025-07-05T23:14:08: [User 7647790288] WARN: Detached frame error navigating to milabarakatt
2025-07-05T23:14:08: [User 7647790288] WARN: Could not access profile milabarakatt: User not found
2025-07-05T23:14:08: [User 7647790288] WARN: Detached frame error navigating to gioquistorio
2025-07-05T23:14:08: [User 7647790288] WARN: Could not access profile gioquistorio: User not found
2025-07-05T23:14:08: [User 7647790288] WARN: Detached frame error navigating to daricocusing
2025-07-05T23:14:08: [User 7647790288] WARN: Could not access profile daricocusing: User not found
2025-07-05T23:15:08: [User 7647790288] WARN: Detached frame error navigating to lunamei.xo
2025-07-05T23:15:08: [User 7647790288] WARN: Could not access profile lunamei.xo: User not found
2025-07-05T23:15:08: [User 7647790288] WARN: Detached frame error navigating to summerrstone
2025-07-05T23:15:08: [User 7647790288] WARN: Could not access profile summerrstone: User not found
2025-07-05T23:15:08: [User 7647790288] WARN: Detached frame error navigating to imnaominorth
2025-07-05T23:15:08: [User 7647790288] WARN: Could not access profile imnaominorth: User not found
2025-07-05T23:15:08: [User 7647790288] WARN: Detached frame error navigating to jasaminebankstv
2025-07-05T23:15:08: [User 7647790288] WARN: Could not access profile jasaminebankstv: User not found
2025-07-05T23:20:30: [User 7647790288] WARN: Could not detect username automatically
2025-07-05T23:20:44: 💥 Error in bot process for user 7647790288: this.accounts.getAccountConfig is not a function
2025-07-05T23:22:30: [User 7647790288] WARN: Could not detect username automatically
2025-07-05T23:22:45: Error parsing cookie: TypeError: Cannot read properties of undefined (reading 'cookie')
    at TelegramBotManager.startBotInstance (C:\Users\VXZ\Downloads\insta-bot-master\insta-bot-master\src\telegram-bot.js:435:35)
    at async TelegramBotManager.runBotProcess (C:\Users\VXZ\Downloads\insta-bot-master\insta-bot-master\src\telegram-bot.js:517:24)
2025-07-05T23:22:45: 💥 Error in bot process for user 7647790288: Cannot read properties of undefined (reading 'username')
2025-07-05T23:24:10: [User 7647790288] WARN: Could not detect username automatically
2025-07-05T23:29:11: [User 7647790288] WARN: Could not detect username automatically
2025-07-05T23:35:45: [User 7647790288] WARN: Could not detect username automatically
2025-07-05T23:37:33: [User 7647790288] ERROR: ❌ Failed to follow @zane.anderson.79: page.waitForTimeout is not a function
2025-07-05T23:38:00: [User 7647790288] ERROR: ❌ Failed to follow @phatpsyche: page.waitForTimeout is not a function
2025-07-05T23:39:57: [User 7647790288] WARN: Could not detect username automatically
2025-07-05T23:41:52: [User 7647790288] WARN: Could not detect username automatically
2025-07-05T23:43:44: [User 7647790288] WARN: Could not detect username automatically
2025-07-05T23:45:20: [User 7647790288] ERROR: ❌ Failed to follow @gxrxrdx_2: page.waitForTimeout is not a function
2025-07-05T23:47:38: [User 7647790288] WARN: Could not detect username automatically
2025-07-05T23:49:21: [User 7647790288] ERROR: ❌ Failed to follow @scottkautjasiak: page.waitForTimeout is not a function
2025-07-05T23:50:22: [User 7647790288] WARN: Could not detect username automatically
2025-07-05T23:51:18: [User 7647790288] ERROR: ❌ Failed to follow @rose_25k: page.waitForTimeout is not a function
2025-07-05T23:51:35: [User 7647790288] ERROR: ❌ Failed to follow @hairpuller402: page.waitForTimeout is not a function
2025-07-05T23:52:00: [User 7647790288] ERROR: ❌ Failed to follow @dirtskywalkin: page.waitForTimeout is not a function
2025-07-05T23:52:39: [User 7647790288] WARN: Could not detect username automatically
2025-07-05T23:55:30: [User 7647790288] WARN: Could not detect username automatically
2025-07-06T00:02:44: [User 7647790288] WARN: Could not detect username automatically
